<?xml version="1.0" encoding="UTF-8"?>
<testsuite name="org.example.features.search.SearchByKeywordStory" tests="4" skipped="0" failures="0" errors="0" timestamp="2021-04-20T16:04:45" hostname="L-ALEX-S" time="25.75">
  <properties/>
  <testcase name="searching_by_keyword_f1_should_display_the_corresponding_article" classname="org.example.features.search.SearchByKeywordStory" time="9.464"/>
  <testcase name="searching_by_keyword_banana_should_display_the_corresponding_article" classname="org.example.features.search.SearchByKeywordStory" time="5.087"/>
  <testcase name="searching_by_keyword_liger_should_display_the_corresponding_article" classname="org.example.features.search.SearchByKeywordStory" time="4.861"/>
  <testcase name="searching_by_keyword_apple_should_display_the_corresponding_article" classname="org.example.features.search.SearchByKeywordStory" time="5.503"/>
  <system-out><![CDATA[]]></system-out>
  <system-err><![CDATA[SLF4J: Failed to load class "org.slf4j.impl.StaticLoggerBinder".
SLF4J: Defaulting to no-operation (NOP) logger implementation
SLF4J: See http://www.slf4j.org/codes.html#StaticLoggerBinder for further details.
Starting ChromeDriver 89.0.4389.23 (61b08ee2c50024bab004e48d2b1b083cdbdac579-refs/branch-heads/4389@{#294}) on port 12629
Only local connections are allowed.
Please see https://chromedriver.chromium.org/security-considerations for suggestions on keeping ChromeDriver safe.
ChromeDriver was started successfully.
Apr 20, 2021 7:04:48 PM org.openqa.selenium.remote.ProtocolHandshake createSession
INFO: Detected dialect: W3C
]]></system-err>
</testsuite>
